TN:
SF:/home/joaquin/Documents/Git/openssl-bruteforce-2/src/serial-1.c
FN:18,gen_key
FN:25,get_cant_keys
FN:31,do_decrypt
FN:59,fs_read
FN:74,main
FNDA:1000000,gen_key
FNDA:1,get_cant_keys
FNDA:2,do_decrypt
FNDA:1,fs_read
FNDA:1,main
FNF:5
FNH:5
DA:18,1000000
DA:20,6777790
DA:21,5777790
DA:23,1000000
DA:25,1
DA:27,1
DA:28,1
DA:29,1
DA:31,2
DA:39,2
DA:40,2
DA:41,2
DA:42,2
DA:44,2
DA:45,2
DA:47,1000004
DA:48,1000000
DA:49,1000000
DA:50,1000000
DA:51,1000000
DA:52,1000000
DA:55,2
DA:56,2
DA:59,1
DA:61,1
DA:64,1
DA:65,0
DA:68,1
DA:69,1
DA:71,1
DA:74,1
DA:79,1
DA:80,1
DA:83,1
DA:84,1
DA:86,1
LF:36
LH:35
end_of_record
