TN:
SF:/home/dnoliver/Repositories/openssl-bruteforce-2/src/encryptor.c
FN:3,encryptor_init_data
FN:34,encryptor_set_input
FN:60,encryptor_set_key
FN:72,encryptor_set_iv
FN:84,encryptor_clean_up
FN:97,encryptor_init
FN:106,encryptor_update
FN:115,encryptor_final
FNDA:1000001,encryptor_init_data
FNDA:1000001,encryptor_set_input
FNDA:1000001,encryptor_set_key
FNDA:1000001,encryptor_set_iv
FNDA:1,encryptor_clean_up
FNDA:1000001,encryptor_init
FNDA:1000001,encryptor_update
FNDA:1000001,encryptor_final
FNF:8
FNH:8
DA:3,1000001
DA:5,1000001
DA:6,0
DA:7,0
DA:10,1000001
DA:11,0
DA:12,0
DA:15,1000001
DA:17,1000001
DA:18,1000001
DA:19,1000001
DA:20,1000001
DA:21,1000001
DA:23,1000001
DA:25,1000001
DA:26,500001
DA:28,1000001
DA:29,500000
DA:31,1000001
DA:34,1000001
DA:36,1000001
DA:38,1000001
DA:39,0
DA:40,0
DA:43,1000001
DA:44,0
DA:45,0
DA:48,1000001
DA:49,1000001
DA:51,1000001
DA:52,1000001
DA:55,1000001
DA:57,1000001
DA:60,1000001
DA:62,1000001
DA:63,0
DA:64,0
DA:67,1000001
DA:69,1000001
DA:72,1000001
DA:74,1000001
DA:75,0
DA:76,0
DA:79,1000001
DA:81,1000001
DA:84,1
DA:86,1
DA:88,1
DA:90,1
DA:91,1
DA:92,1
DA:94,1
DA:97,1000001
DA:99,1000001
DA:101,1000001
DA:103,1000001
DA:106,1000001
DA:108,1000001
DA:110,1000001
DA:112,1000001
DA:115,1000001
DA:117,1000001
DA:119,1000001
DA:121,1000001
LF:64
LH:52
end_of_record
TN:
SF:/home/dnoliver/Repositories/openssl-bruteforce-2/src/fs.c
FN:3,fs_read
FN:25,fs_write
FNDA:2,fs_read
FNDA:1,fs_write
FNF:2
FNH:2
DA:3,2
DA:5,2
DA:8,2
DA:9,0
DA:10,0
DA:13,2
DA:15,2
DA:16,0
DA:17,0
DA:20,2
DA:22,2
DA:25,1
DA:27,1
DA:30,1
DA:31,0
DA:32,0
DA:35,1
DA:37,1
DA:38,0
DA:39,0
DA:42,1
DA:43,1
LF:22
LH:14
end_of_record
TN:
SF:/home/dnoliver/Repositories/openssl-bruteforce-2/src/serial.c
FN:12,main
FNDA:1,main
FNF:1
FNH:1
DA:12,1
DA:14,1
DA:17,1
DA:20,1
DA:21,1
DA:25,1
DA:27,1
DA:33,500001
DA:34,500000
DA:36,500000
DA:37,500000
DA:38,500000
DA:39,500000
DA:40,500000
DA:42,500000
DA:43,0
DA:44,0
DA:48,500001
DA:49,500000
DA:51,500000
DA:52,500000
DA:53,500000
DA:54,500000
DA:55,500000
DA:57,500000
DA:58,0
DA:59,0
DA:63,1
DA:64,1
DA:66,0
LF:30
LH:25
end_of_record
TN:
SF:/home/dnoliver/Repositories/openssl-bruteforce-2/src/commons.c
FN:3,check_parameters
FN:11,read_parameters
FN:26,init_decryptor
FN:37,print_result
FN:52,generate_report
FN:70,generate_key_file
FNDA:1,check_parameters
FNDA:1,read_parameters
FNDA:1000000,init_decryptor
FNDA:1,print_result
FNDA:0,generate_report
FNDA:0,generate_key_file
FNF:6
FNH:4
DA:3,1
DA:5,1
DA:6,0
DA:7,0
DA:9,1
DA:11,1
DA:13,1
DA:15,1
DA:16,0
DA:17,0
DA:20,1
DA:21,0
DA:22,0
DA:24,1
DA:26,1000000
DA:28,1000000
DA:29,2000000
DA:30,1000000
DA:32,0
DA:33,0
DA:35,1000000
DA:37,1
DA:39,1
DA:40,1
DA:41,0
DA:42,0
DA:43,0
DA:46,1
DA:47,1
DA:50,0
DA:52,0
DA:54,0
DA:58,0
DA:64,0
DA:65,0
DA:66,0
DA:68,0
DA:70,0
DA:72,0
DA:76,0
DA:78,0
DA:79,0
DA:80,0
DA:82,0
LF:44
LH:18
end_of_record
TN:
SF:/home/dnoliver/Repositories/openssl-bruteforce-2/src/encrypt.c
FN:12,main
FNDA:1,main
FNF:1
FNH:1
DA:12,1
DA:14,1
DA:15,0
DA:16,0
DA:21,1
DA:25,1
DA:26,1
DA:27,1
DA:28,1
DA:32,1
DA:34,1
DA:35,0
DA:36,0
DA:39,1
DA:41,1
DA:42,0
DA:43,0
DA:46,1
DA:47,0
DA:48,0
DA:51,1
DA:53,1
DA:54,0
DA:55,0
DA:58,1
DA:59,2
DA:60,2
DA:61,1
DA:63,0
DA:64,0
DA:67,2
DA:68,2
DA:69,1
DA:71,0
DA:72,0
DA:75,1
DA:76,0
DA:77,0
DA:80,1
DA:81,0
DA:82,0
DA:85,1
LF:42
LH:24
end_of_record
TN:
SF:/home/dnoliver/Repositories/openssl-bruteforce-2/src/keygen.c
FN:6,keygen_getenv
FN:22,keygen_itokey
FN:56,keygen_itokey_v2
FNDA:2,keygen_getenv
FNDA:1,keygen_itokey
FNDA:1000000,keygen_itokey_v2
FNF:3
FNH:3
DA:6,2
DA:8,2
DA:10,2
DA:11,1
DA:12,1
DA:15,1
DA:16,1
DA:19,2
DA:22,1
DA:25,1
DA:26,0
DA:29,1
DA:31,1
DA:32,1
DA:34,1
DA:36,9
DA:37,8
DA:38,8
DA:39,8
DA:41,8
DA:42,8
DA:44,8
DA:47,1
DA:53,1
DA:56,1000000
DA:59,1000000
DA:61,1000000
DA:62,1000000
DA:63,1000000
LF:29
LH:28
end_of_record
